2023-02-27 11:33:02 INFO  Main:36 - saved data reading
2023-02-27 11:33:02 INFO  Main:41 - application start
2023-02-27 11:33:03 INFO  Controller:74 - Main controller initializing
2023-02-27 11:33:06 INFO  NewEditController:91 - new/edit window initializing
2023-02-27 11:33:29 INFO  NewEditController:91 - new/edit window initializing
2023-02-27 11:34:25 INFO  TaskInfoController:25 - task info window initializing
2023-02-27 11:34:25 ERROR Controller:127 - error loading task-info.fxml
2023-02-27 11:34:27 INFO  TaskInfoController:25 - task info window initializing
2024-02-04 20:47:47 INFO  Main:35 - saved data reading
2024-02-04 20:47:47 INFO  Main:40 - application start
2024-02-04 20:47:48 INFO  Controller:74 - Main controller initializing
2024-02-04 20:47:54 INFO  NewEditController:89 - new/edit window initializing
2024-02-04 20:48:29 INFO  NewEditController:89 - new/edit window initializing
2024-02-04 20:49:05 INFO  NewEditController:89 - new/edit window initializing
2024-02-04 20:49:55 INFO  NewEditController:89 - new/edit window initializing
2024-02-04 20:50:19 INFO  NewEditController:89 - new/edit window initializing
2024-02-04 20:50:29 INFO  NewEditController:89 - new/edit window initializing
2024-02-04 20:50:43 INFO  NewEditController:89 - new/edit window initializing
2024-02-04 20:50:48 INFO  NewEditController:89 - new/edit window initializing
2024-02-04 20:51:01 INFO  TaskInfoController:24 - task info window initializing
2024-02-04 20:51:01 ERROR Controller:127 - error loading task-info.fxml
2024-02-04 20:51:03 INFO  TaskInfoController:24 - task info window initializing
2024-02-05 11:47:15 INFO  Main:35 - saved data reading
2024-02-05 11:47:15 INFO  Main:40 - application start
2024-02-05 11:47:17 INFO  Controller:74 - Main controller initializing
2024-02-05 11:48:28 INFO  TaskInfoController:24 - task info window initializing
2024-03-09 15:02:12 INFO  Main:35 - saved data reading
2024-03-09 15:02:12 INFO  Main:40 - application start
2024-03-09 15:02:13 INFO  Controller:74 - Main controller initializing
2024-03-09 15:02:49 INFO  TaskInfoController:24 - task info window initializing
2024-03-09 15:02:52 INFO  TaskInfoController:24 - task info window initializing
2024-03-09 15:19:02 INFO  Main:35 - saved data reading
2024-03-09 15:19:02 INFO  Main:40 - application start
2024-03-09 15:19:02 INFO  Controller:74 - Main controller initializing
2024-03-09 15:19:05 INFO  NewEditController:89 - new/edit window initializing
2024-03-09 18:07:52 INFO  Main:35 - saved data reading
2024-03-09 18:07:52 INFO  Main:40 - application start
2024-03-09 18:07:53 INFO  Controller:74 - Main controller initializing
2024-03-09 18:08:01 INFO  NewEditController:89 - new/edit window initializing
2024-03-09 18:08:20 INFO  NewEditController:89 - new/edit window initializing
2024-03-09 18:21:50 INFO  Main:35 - saved data reading
2024-03-09 18:21:50 INFO  Main:40 - application start
2024-03-09 18:21:51 INFO  Controller:74 - Main controller initializing
2024-03-09 18:21:56 INFO  NewEditController:89 - new/edit window initializing
2024-03-09 18:25:17 INFO  NewEditController:89 - new/edit window initializing
2024-03-09 18:25:27 INFO  TaskInfoController:24 - task info window initializing
2024-03-09 18:25:32 INFO  TaskInfoController:24 - task info window initializing
2024-03-09 18:25:36 INFO  TaskInfoController:24 - task info window initializing
2024-03-09 18:27:52 INFO  NewEditController:89 - new/edit window initializing
2024-03-09 18:32:00 INFO  NewEditController:89 - new/edit window initializing
2024-03-09 18:45:45 INFO  Main:35 - saved data reading
2024-03-09 18:45:45 INFO  Main:40 - application start
2024-03-09 18:45:45 INFO  Controller:74 - Main controller initializing
2024-03-09 18:45:54 INFO  NewEditController:91 - new/edit window initializing
2024-03-09 18:48:37 INFO  Main:35 - saved data reading
2024-03-09 18:48:37 INFO  Main:40 - application start
2024-03-09 18:48:37 INFO  Controller:76 - Main controller initializing
2024-03-09 18:48:37 ERROR Main:55 - error reading main.fxml
2024-03-09 18:50:35 INFO  Main:35 - saved data reading
2024-03-09 18:50:35 INFO  Main:40 - application start
2024-03-09 18:50:36 INFO  Controller:76 - Main controller initializing
2024-03-09 18:50:41 INFO  NewEditController:91 - new/edit window initializing
2024-03-09 18:50:46 INFO  NewEditController:91 - new/edit window initializing
2024-03-09 18:50:59 INFO  NewEditController:91 - new/edit window initializing
2024-03-09 18:51:57 INFO  Main:35 - saved data reading
2024-03-09 18:51:57 INFO  Main:40 - application start
2024-03-09 18:51:57 INFO  Controller:76 - Main controller initializing
2024-03-09 18:52:00 INFO  NewEditController:91 - new/edit window initializing
2024-03-09 18:52:19 INFO  Main:35 - saved data reading
2024-03-09 18:52:19 INFO  Main:40 - application start
2024-03-09 18:52:19 INFO  Controller:76 - Main controller initializing
2024-03-09 18:52:21 INFO  NewEditController:91 - new/edit window initializing
2024-03-09 18:53:31 INFO  Main:35 - saved data reading
2024-03-09 18:53:31 INFO  Main:40 - application start
2024-03-09 18:53:31 INFO  Controller:76 - Main controller initializing
2024-03-09 18:53:35 INFO  NewEditController:89 - new/edit window initializing
2024-03-09 18:53:36 INFO  NewEditController:89 - new/edit window initializing
2024-03-12 12:19:10 INFO  Main:35 - saved data reading
2024-03-12 12:19:10 INFO  Main:40 - application start
2024-03-12 12:19:10 INFO  Controller:76 - Main controller initializing
2024-03-12 12:19:10 ERROR Main:55 - error reading main.fxml
2024-03-12 12:20:39 INFO  Main:35 - saved data reading
2024-03-12 12:20:39 INFO  Main:40 - application start
2024-03-12 12:20:40 INFO  Controller:76 - Main controller initializing
2024-03-12 12:20:40 ERROR Main:55 - error reading main.fxml
2024-03-12 12:22:44 INFO  Main:35 - saved data reading
2024-03-12 12:22:44 INFO  Main:40 - application start
2024-03-12 12:22:44 INFO  Controller:76 - Main controller initializing
2024-03-12 12:22:44 ERROR Main:55 - error reading main.fxml
2024-03-12 12:23:29 INFO  Main:35 - saved data reading
2024-03-12 12:23:29 INFO  Main:40 - application start
2024-03-12 12:23:29 INFO  Controller:76 - Main controller initializing
2024-03-12 12:50:47 INFO  Main:35 - saved data reading
2024-03-12 12:50:47 INFO  Main:40 - application start
2024-03-12 12:50:47 INFO  Controller:76 - Main controller initializing
2024-03-24 18:22:25 INFO  Main:35 - saved data reading
2024-03-24 18:22:25 INFO  Main:40 - application start
2024-03-24 18:22:25 INFO  Controller:76 - Main controller initializing
2024-03-24 18:22:28 INFO  NewEditController:89 - new/edit window initializing
2024-03-24 18:23:49 INFO  Main:35 - saved data reading
2024-03-24 18:23:49 INFO  Main:40 - application start
2024-03-24 18:23:49 INFO  Controller:76 - Main controller initializing
2024-03-24 18:23:57 INFO  Main:35 - saved data reading
2024-03-24 18:23:57 INFO  Main:40 - application start
2024-03-24 18:23:57 INFO  Controller:76 - Main controller initializing
2024-03-24 18:23:59 INFO  NewEditController:89 - new/edit window initializing
2024-03-24 18:24:29 INFO  Main:35 - saved data reading
2024-03-24 18:24:29 INFO  Main:40 - application start
2024-03-24 18:24:29 INFO  Controller:76 - Main controller initializing
2024-03-24 18:24:32 INFO  NewEditController:89 - new/edit window initializing
2024-03-24 18:51:07 INFO  Main:35 - saved data reading
2024-03-24 18:51:07 INFO  Main:40 - application start
2024-03-24 18:51:07 INFO  Controller:76 - Main controller initializing
2024-03-24 18:51:09 INFO  NewEditController:89 - new/edit window initializing
2024-03-24 18:51:31 INFO  Main:35 - saved data reading
2024-03-24 18:51:31 INFO  Main:40 - application start
2024-03-24 18:51:31 INFO  Controller:76 - Main controller initializing
2024-03-24 18:51:34 INFO  NewEditController:89 - new/edit window initializing
2024-03-24 18:53:49 INFO  Main:35 - saved data reading
2024-03-24 18:53:49 INFO  Main:40 - application start
2024-03-24 18:53:50 INFO  Controller:76 - Main controller initializing
2024-03-24 18:53:53 INFO  NewEditController:89 - new/edit window initializing
2024-03-24 19:24:23 INFO  Main:35 - saved data reading
2024-03-24 19:24:23 INFO  Main:40 - application start
2024-03-24 19:24:24 INFO  Controller:76 - Main controller initializing
2024-03-24 19:24:26 INFO  NewEditController:89 - new/edit window initializing
2024-03-25 13:13:19 ERROR TaskIO:79 - IO exception reading or writing file
2024-03-25 13:16:01 ERROR TaskIO:79 - IO exception reading or writing file
2024-03-26 12:50:15 ERROR Task:54 - interval < than 1
2024-03-26 13:42:22 ERROR Task:54 - interval < than 1
2024-04-07 16:52:06 ERROR Task:54 - interval < than 1
2024-04-07 16:57:55 INFO  Main:35 - saved data reading
2024-04-07 16:57:55 INFO  Main:40 - application start
2024-04-07 16:57:56 INFO  Controller:76 - Main controller initializing
2024-04-07 17:58:53 INFO  Main:35 - saved data reading
2024-04-07 17:58:53 INFO  Main:40 - application start
2024-04-07 17:58:53 INFO  Controller:76 - Main controller initializing
2024-04-07 18:01:14 INFO  Main:35 - saved data reading
2024-04-07 18:01:14 INFO  Main:40 - application start
2024-04-07 18:01:14 INFO  Controller:76 - Main controller initializing
2024-04-20 15:07:42 ERROR Task:50 - time below bound
